<?xml version="1.0" encoding="UTF-8" ?>
<testsuite errors="0" failures="1" hostname="Mehmet" name="NumberStatistics2Test" skipped="0" tests="1" time="0.219" timestamp="2015-09-24T17:41:56">
  <properties>
    <property name="java.runtime.name" value="Java(TM) SE Runtime Environment" />
    <property name="sun.boot.library.path" value="C:\Program Files\Java\jdk1.8.0_60\jre\bin" />
    <property name="java.vm.version" value="25.60-b23" />
    <property name="java.vm.vendor" value="Oracle Corporation" />
    <property name="java.vendor.url" value="http://java.oracle.com/" />
    <property name="path.separator" value=";" />
    <property name="java.vm.name" value="Java HotSpot(TM) 64-Bit Server VM" />
    <property name="file.encoding.pkg" value="sun.io" />
    <property name="user.script" value="" />
    <property name="user.country" value="TR" />
    <property name="sun.java.launcher" value="SUN_STANDARD" />
    <property name="sun.os.patch.level" value="" />
    <property name="java.vm.specification.name" value="Java Virtual Machine Specification" />
    <property name="user.dir" value="C:\Users\mehmet\Documents\NetBeansProjects\2013-OOProgrammingWithJava-PART1\week4-079.NumberStatistics" />
    <property name="java.runtime.version" value="1.8.0_60-b27" />
    <property name="java.awt.graphicsenv" value="sun.awt.Win32GraphicsEnvironment" />
    <property name="java.endorsed.dirs" value="C:\Program Files\Java\jdk1.8.0_60\jre\lib\endorsed" />
    <property name="os.arch" value="amd64" />
    <property name="java.io.tmpdir" value="C:\Users\mehmet\AppData\Local\Temp\" />
    <property name="line.separator" value="&#xd;&#xa;" />
    <property name="java.vm.specification.vendor" value="Oracle Corporation" />
    <property name="user.variant" value="" />
    <property name="os.name" value="Windows 10" />
    <property name="sun.jnu.encoding" value="Cp1254" />
    <property name="java.library.path" value="C:\Program Files\Java\jdk1.8.0_60\jre\bin;C:\WINDOWS\Sun\Java\bin;C:\WINDOWS\system32;C:\WINDOWS;C:\OpenSim 3.1\bin;C:\ProgramData\Oracle\Java\javapath;C:\Program Files (x86)\Intel\iCLS Client\;C:\Program Files\Intel\iCLS Client\;C:\WINDOWS\system32;C:\WINDOWS;C:\WINDOWS\System32\Wbem;C:\WINDOWS\System32\WindowsPowerShell\v1.0\;C:\Program Files (x86)\Intel\OpenCL SDK\2.0\bin\x86;C:\Program Files (x86)\Intel\OpenCL SDK\2.0\bin\x64;C:\Program Files (x86)\ATI Technologies\ATI.ACE\Core-Static;C:\Program Files\Condusiv Technologies\ExpressCache\;C:\Program Files (x86)\Windows Live\Shared;C:\Program Files (x86)\Windows Kits\8.0\Windows Performance Toolkit\;C:\Program Files (x86)\Microsoft ASP.NET\ASP.NET Web Pages\v1.0\;C:\Program Files\Microsoft SQL Server\110\Tools\Binn\;C:\Program Files\Microsoft\Web Platform Installer\;c:\Program Files (x86)\Microsoft SQL Server\110\Tools\Binn\;c:\Program Files\Microsoft SQL Server\110\DTS\Binn\;C:\Program Files (x86)\Microsoft SQL Server\110\Tools\Binn\ManagementStudio\;C:\Program Files (x86)\Microsoft SQL Server\110\DTS\Binn\;C:\Program Files\MATLAB\R2014a\runtime\win64;C:\Program Files\MATLAB\R2014a\bin;C:\Program Files\MATLAB\R2010b\runtime\win64;C:\Program Files\MATLAB\R2010b\bin;c:\Program Files (x86)\Microsoft SQL Server\100\Tools\Binn\;c:\Program Files\Microsoft SQL Server\100\Tools\Binn\;c:\Program Files\Microsoft SQL Server\100\DTS\Binn\;C:\Program Files\Intel\Intel(R) Management Engine Components\DAL;C:\Program Files\Intel\Intel(R) Management Engine Components\IPT;C:\Program Files (x86)\Intel\Intel(R) Management Engine Components\DAL;C:\Program Files (x86)\Intel\Intel(R) Management Engine Components\IPT;C:\Program Files (x86)\Skype\Phone\;C:\Python34;C:\Users\mehmet\AppData\Local\Enthought\Canopy32\User;C:\Users\mehmet\AppData\Local\Enthought\Canopy32\User\Scripts;C:\Program Files\MATLAB;%SystemRoot%\system32;%SystemRoot%;%SystemRoot%\System32\Wbem;%SYSTEMROOT%\System32\WindowsPowerShell\v1.0\;C:\Users\mehmet\AppData\Local\Enthought\Canopy32\User;C:\Users\mehmet\AppData\Local\Enthought\Canopy32\User\Scripts;." />
    <property name="java.specification.name" value="Java Platform API Specification" />
    <property name="java.class.version" value="52.0" />
    <property name="sun.management.compiler" value="HotSpot 64-Bit Tiered Compilers" />
    <property name="os.version" value="10.0" />
    <property name="user.home" value="C:\Users\mehmet" />
    <property name="user.timezone" value="" />
    <property name="java.awt.printerjob" value="sun.awt.windows.WPrinterJob" />
    <property name="file.encoding" value="UTF-8" />
    <property name="java.specification.version" value="1.8" />
    <property name="user.name" value="mehmet" />
    <property name="java.class.path" value="C:\Program Files\NetBeans 8.0.2\extide\ant\lib\ant.jar;C:\Program Files\NetBeans 8.0.2\extide\ant\lib\ant-junit.jar;C:\Users\mehmet\Documents\NetBeansProjects\2013-OOProgrammingWithJava-PART1\week4-079.NumberStatistics\build\classes;C:\Users\mehmet\Documents\NetBeansProjects\2013-OOProgrammingWithJava-PART1\week4-079.NumberStatistics\lib\cglib-nodep-2.2.2.jar;C:\Users\mehmet\Documents\NetBeansProjects\2013-OOProgrammingWithJava-PART1\week4-079.NumberStatistics\lib\easymock-3.2.jar;C:\Users\mehmet\Documents\NetBeansProjects\2013-OOProgrammingWithJava-PART1\week4-079.NumberStatistics\lib\edu-test-utils-0.4.2.jar;C:\Users\mehmet\Documents\NetBeansProjects\2013-OOProgrammingWithJava-PART1\week4-079.NumberStatistics\lib\Hangman.jar;C:\Users\mehmet\Documents\NetBeansProjects\2013-OOProgrammingWithJava-PART1\week4-079.NumberStatistics\lib\javassist-3.18.2-GA.jar;C:\Users\mehmet\Documents\NetBeansProjects\2013-OOProgrammingWithJava-PART1\week4-079.NumberStatistics\lib\hamcrest-core-1.3.jar;C:\Users\mehmet\Documents\NetBeansProjects\2013-OOProgrammingWithJava-PART1\week4-079.NumberStatistics\lib\junit-4.11.jar;C:\Users\mehmet\Documents\NetBeansProjects\2013-OOProgrammingWithJava-PART1\week4-079.NumberStatistics\lib\objenesis-2.1.jar;C:\Users\mehmet\Documents\NetBeansProjects\2013-OOProgrammingWithJava-PART1\week4-079.NumberStatistics\lib\powermock-classloading-base-1.5.5.jar;C:\Users\mehmet\Documents\NetBeansProjects\2013-OOProgrammingWithJava-PART1\week4-079.NumberStatistics\lib\powermock-classloading-objenesis-1.5.5.jar;C:\Users\mehmet\Documents\NetBeansProjects\2013-OOProgrammingWithJava-PART1\week4-079.NumberStatistics\lib\powermock-easymock-1.5.5-full.jar;C:\Users\mehmet\Documents\NetBeansProjects\2013-OOProgrammingWithJava-PART1\week4-079.NumberStatistics\lib\powermock-module-junit4-rule-1.5.5.jar;C:\Users\mehmet\Documents\NetBeansProjects\2013-OOProgrammingWithJava-PART1\week4-079.NumberStatistics\build\test\classes" />
    <property name="java.vm.specification.version" value="1.8" />
    <property name="sun.arch.data.model" value="64" />
    <property name="java.home" value="C:\Program Files\Java\jdk1.8.0_60\jre" />
    <property name="sun.java.command" value="org.apache.tools.ant.taskdefs.optional.junit.JUnitTestRunner NumberStatistics2Test showoutput=true formatter=org.apache.tools.ant.taskdefs.optional.junit.BriefJUnitResultFormatter formatter=org.apache.tools.ant.taskdefs.optional.junit.XMLJUnitResultFormatter,C:\Users\mehmet\Documents\NetBeansProjects\2013-OOProgrammingWithJava-PART1\week4-079.NumberStatistics\build\test\results\TEST-NumberStatistics2Test.xml" />
    <property name="java.specification.vendor" value="Oracle Corporation" />
    <property name="user.language" value="tr" />
    <property name="awt.toolkit" value="sun.awt.windows.WToolkit" />
    <property name="java.vm.info" value="mixed mode" />
    <property name="java.version" value="1.8.0_60" />
    <property name="java.ext.dirs" value="C:\Program Files\Java\jdk1.8.0_60\jre\lib\ext;C:\WINDOWS\Sun\Java\lib\ext" />
    <property name="sun.boot.class.path" value="C:\Program Files\Java\jdk1.8.0_60\jre\lib\resources.jar;C:\Program Files\Java\jdk1.8.0_60\jre\lib\rt.jar;C:\Program Files\Java\jdk1.8.0_60\jre\lib\sunrsasign.jar;C:\Program Files\Java\jdk1.8.0_60\jre\lib\jsse.jar;C:\Program Files\Java\jdk1.8.0_60\jre\lib\jce.jar;C:\Program Files\Java\jdk1.8.0_60\jre\lib\charsets.jar;C:\Program Files\Java\jdk1.8.0_60\jre\lib\jfr.jar;C:\Program Files\Java\jdk1.8.0_60\jre\classes" />
    <property name="java.vendor" value="Oracle Corporation" />
    <property name="file.separator" value="\" />
    <property name="java.vendor.url.bug" value="http://bugreport.sun.com/bugreport/" />
    <property name="sun.cpu.endian" value="little" />
    <property name="sun.io.unicode.encoding" value="UnicodeLittle" />
    <property name="sun.desktop" value="windows" />
    <property name="sun.cpu.isalist" value="amd64" />
  </properties>
  <testcase classname="junit.framework.TestSuite$1" name="warning" time="0.016">
    <failure message="No tests found in NumberStatistics2Test" type="junit.framework.AssertionFailedError">junit.framework.AssertionFailedError: No tests found in NumberStatistics2Test
</failure>
  </testcase>
  <system-out><![CDATA[]]></system-out>
  <system-err><![CDATA[]]></system-err>
</testsuite>
